{"/Users/quentinthomas/Documents/DEV/soto/Soto/server/query.ts": {"path":"/Users/quentinthomas/Documents/DEV/soto/Soto/server/query.ts","statementMap":{"0":{"start":{"line":3,"column":17},"end":{"line":8,"column":2}},"1":{"start":{"line":10,"column":18},"end":{"line":15,"column":2}},"2":{"start":{"line":17,"column":25},"end":{"line":25,"column":1}},"3":{"start":{"line":18,"column":4},"end":{"line":24,"column":6}},"4":{"start":{"line":19,"column":8},"end":{"line":23,"column":11}},"5":{"start":{"line":20,"column":12},"end":{"line":21,"column":28}},"6":{"start":{"line":21,"column":16},"end":{"line":21,"column":28}},"7":{"start":{"line":22,"column":12},"end":{"line":22,"column":29}},"8":{"start":{"line":27,"column":26},"end":{"line":35,"column":1}},"9":{"start":{"line":28,"column":4},"end":{"line":34,"column":6}},"10":{"start":{"line":29,"column":8},"end":{"line":33,"column":11}},"11":{"start":{"line":30,"column":12},"end":{"line":31,"column":28}},"12":{"start":{"line":31,"column":16},"end":{"line":31,"column":28}},"13":{"start":{"line":32,"column":12},"end":{"line":32,"column":29}},"14":{"start":{"line":37,"column":18},"end":{"line":37,"column":19}},"15":{"start":{"line":39,"column":30},"end":{"line":41,"column":1}},"16":{"start":{"line":40,"column":4},"end":{"line":40,"column":21}},"17":{"start":{"line":43,"column":29},"end":{"line":54,"column":8}},"18":{"start":{"line":44,"column":4},"end":{"line":54,"column":7}},"19":{"start":{"line":45,"column":8},"end":{"line":54,"column":5}},"20":{"start":{"line":46,"column":12},"end":{"line":46,"column":29}},"21":{"start":{"line":47,"column":12},"end":{"line":47,"column":22}},"22":{"start":{"line":49,"column":12},"end":{"line":53,"column":20}},"23":{"start":{"line":50,"column":16},"end":{"line":50,"column":31}},"24":{"start":{"line":51,"column":16},"end":{"line":51,"column":32}},"25":{"start":{"line":52,"column":16},"end":{"line":52,"column":26}}},"fnMap":{"0":{"name":"(anonymous_0)","decl":{"start":{"line":17,"column":25},"end":{"line":17,"column":26}},"loc":{"start":{"line":17,"column":72},"end":{"line":25,"column":1}},"line":17},"1":{"name":"(anonymous_1)","decl":{"start":{"line":18,"column":28},"end":{"line":18,"column":29}},"loc":{"start":{"line":18,"column":49},"end":{"line":24,"column":5}},"line":18},"2":{"name":"(anonymous_2)","decl":{"start":{"line":19,"column":47},"end":{"line":19,"column":48}},"loc":{"start":{"line":19,"column":75},"end":{"line":23,"column":9}},"line":19},"3":{"name":"(anonymous_3)","decl":{"start":{"line":27,"column":26},"end":{"line":27,"column":27}},"loc":{"start":{"line":27,"column":73},"end":{"line":35,"column":1}},"line":27},"4":{"name":"(anonymous_4)","decl":{"start":{"line":28,"column":28},"end":{"line":28,"column":29}},"loc":{"start":{"line":28,"column":49},"end":{"line":34,"column":5}},"line":28},"5":{"name":"(anonymous_5)","decl":{"start":{"line":29,"column":48},"end":{"line":29,"column":49}},"loc":{"start":{"line":29,"column":76},"end":{"line":33,"column":9}},"line":29},"6":{"name":"(anonymous_6)","decl":{"start":{"line":39,"column":30},"end":{"line":39,"column":31}},"loc":{"start":{"line":39,"column":36},"end":{"line":41,"column":1}},"line":39},"7":{"name":"(anonymous_7)","decl":{"start":{"line":43,"column":29},"end":{"line":43,"column":30}},"loc":{"start":{"line":44,"column":4},"end":{"line":54,"column":7}},"line":44},"8":{"name":"(anonymous_8)","decl":{"start":{"line":44,"column":16},"end":{"line":44,"column":17}},"loc":{"start":{"line":44,"column":29},"end":{"line":54,"column":6}},"line":44},"9":{"name":"(anonymous_9)","decl":{"start":{"line":49,"column":23},"end":{"line":49,"column":24}},"loc":{"start":{"line":49,"column":29},"end":{"line":53,"column":13}},"line":49}},"branchMap":{"0":{"loc":{"start":{"line":20,"column":12},"end":{"line":21,"column":28}},"type":"if","locations":[{"start":{"line":20,"column":12},"end":{"line":21,"column":28}},{"start":{"line":20,"column":12},"end":{"line":21,"column":28}}],"line":20},"1":{"loc":{"start":{"line":30,"column":12},"end":{"line":31,"column":28}},"type":"if","locations":[{"start":{"line":30,"column":12},"end":{"line":31,"column":28}},{"start":{"line":30,"column":12},"end":{"line":31,"column":28}}],"line":30},"2":{"loc":{"start":{"line":45,"column":8},"end":{"line":54,"column":5}},"type":"if","locations":[{"start":{"line":45,"column":8},"end":{"line":54,"column":5}},{"start":{"line":45,"column":8},"end":{"line":54,"column":5}}],"line":45}},"s":{"0":3,"1":3,"2":3,"3":0,"4":0,"5":0,"6":0,"7":0,"8":3,"9":137,"10":137,"11":137,"12":0,"13":137,"14":3,"15":3,"16":3,"17":3,"18":3,"19":3,"20":0,"21":0,"22":3,"23":3,"24":3,"25":3},"f":{"0":0,"1":0,"2":0,"3":137,"4":137,"5":137,"6":3,"7":3,"8":3,"9":3},"b":{"0":[0,0],"1":[0,137],"2":[0,3]},"_coverageSchema":"1a1c01bbd47fc00a2c39e90264f33305004495a9","hash":"a2a93d984fbe0e98ec23dbbed85533dd3596aa2c"}
,"/Users/quentinthomas/Documents/DEV/soto/Soto/server/resolvers.ts": {"path":"/Users/quentinthomas/Documents/DEV/soto/Soto/server/resolvers.ts","statementMap":{"0":{"start":{"line":6,"column":29},"end":{"line":9,"column":1}}},"fnMap":{},"branchMap":{},"s":{"0":3},"f":{},"b":{},"_coverageSchema":"1a1c01bbd47fc00a2c39e90264f33305004495a9","hash":"ce00200e631f12dc93523a7d1cbf1a82ce75412d"}
,"/Users/quentinthomas/Documents/DEV/soto/Soto/server/algo/critetions.ts": {"path":"/Users/quentinthomas/Documents/DEV/soto/Soto/server/algo/critetions.ts","statementMap":{"0":{"start":{"line":9,"column":47},"end":{"line":26,"column":1}}},"fnMap":{},"branchMap":{},"s":{"0":3},"f":{},"b":{},"_coverageSchema":"1a1c01bbd47fc00a2c39e90264f33305004495a9","hash":"5c5af0c6e39201bf48f391c5a21f1cd89b17d7d3"}
,"/Users/quentinthomas/Documents/DEV/soto/Soto/server/algo/obligations.ts": {"path":"/Users/quentinthomas/Documents/DEV/soto/Soto/server/algo/obligations.ts","statementMap":{"0":{"start":{"line":9,"column":49},"end":{"line":26,"column":1}}},"fnMap":{},"branchMap":{},"s":{"0":3},"f":{},"b":{},"_coverageSchema":"1a1c01bbd47fc00a2c39e90264f33305004495a9","hash":"a3b55be13aa3af1697d018abd99d0249abdfeb49"}
,"/Users/quentinthomas/Documents/DEV/soto/Soto/server/constData/shopList.ts": {"path":"/Users/quentinthomas/Documents/DEV/soto/Soto/server/constData/shopList.ts","statementMap":{"0":{"start":{"line":3,"column":32},"end":{"line":32,"column":3}}},"fnMap":{},"branchMap":{},"s":{"0":3},"f":{},"b":{},"_coverageSchema":"1a1c01bbd47fc00a2c39e90264f33305004495a9","hash":"dd7f7f059f2e27addbf083b456552d29e636400a"}
,"/Users/quentinthomas/Documents/DEV/soto/Soto/server/resolvers/accountResolver.ts": {"path":"/Users/quentinthomas/Documents/DEV/soto/Soto/server/resolvers/accountResolver.ts","statementMap":{"0":{"start":{"line":9,"column":42},"end":{"line":170,"column":1}},"1":{"start":{"line":12,"column":6},"end":{"line":12,"column":71}},"2":{"start":{"line":12,"column":25},"end":{"line":12,"column":71}},"3":{"start":{"line":13,"column":50},"end":{"line":20,"column":8}},"4":{"start":{"line":22,"column":6},"end":{"line":46,"column":8}},"5":{"start":{"line":24,"column":42},"end":{"line":24,"column":69}},"6":{"start":{"line":26,"column":30},"end":{"line":28,"column":18}},"7":{"start":{"line":27,"column":24},"end":{"line":27,"column":49}},"8":{"start":{"line":29,"column":10},"end":{"line":34,"column":12}},"9":{"start":{"line":37,"column":31},"end":{"line":39,"column":18}},"10":{"start":{"line":38,"column":24},"end":{"line":38,"column":50}},"11":{"start":{"line":40,"column":10},"end":{"line":44,"column":12}},"12":{"start":{"line":51,"column":25},"end":{"line":54,"column":7}},"13":{"start":{"line":55,"column":6},"end":{"line":56,"column":67}},"14":{"start":{"line":56,"column":8},"end":{"line":56,"column":67}},"15":{"start":{"line":57,"column":23},"end":{"line":59,"column":17}},"16":{"start":{"line":58,"column":19},"end":{"line":58,"column":48}},"17":{"start":{"line":61,"column":6},"end":{"line":64,"column":9}},"18":{"start":{"line":65,"column":6},"end":{"line":65,"column":22}},"19":{"start":{"line":68,"column":25},"end":{"line":71,"column":7}},"20":{"start":{"line":72,"column":6},"end":{"line":73,"column":62}},"21":{"start":{"line":73,"column":8},"end":{"line":73,"column":62}},"22":{"start":{"line":75,"column":23},"end":{"line":77,"column":17}},"23":{"start":{"line":76,"column":19},"end":{"line":76,"column":48}},"24":{"start":{"line":78,"column":6},"end":{"line":81,"column":8}},"25":{"start":{"line":82,"column":6},"end":{"line":82,"column":22}},"26":{"start":{"line":85,"column":6},"end":{"line":85,"column":71}},"27":{"start":{"line":85,"column":25},"end":{"line":85,"column":71}},"28":{"start":{"line":86,"column":6},"end":{"line":89,"column":58}},"29":{"start":{"line":87,"column":38},"end":{"line":87,"column":79}},"30":{"start":{"line":87,"column":64},"end":{"line":87,"column":78}},"31":{"start":{"line":89,"column":8},"end":{"line":89,"column":58}},"32":{"start":{"line":91,"column":6},"end":{"line":93,"column":9}},"33":{"start":{"line":94,"column":6},"end":{"line":101,"column":8}},"34":{"start":{"line":96,"column":10},"end":{"line":99,"column":12}},"35":{"start":{"line":102,"column":6},"end":{"line":102,"column":18}},"36":{"start":{"line":105,"column":6},"end":{"line":105,"column":71}},"37":{"start":{"line":105,"column":25},"end":{"line":105,"column":71}},"38":{"start":{"line":106,"column":6},"end":{"line":109,"column":57}},"39":{"start":{"line":107,"column":37},"end":{"line":107,"column":77}},"40":{"start":{"line":107,"column":62},"end":{"line":107,"column":76}},"41":{"start":{"line":109,"column":8},"end":{"line":109,"column":57}},"42":{"start":{"line":111,"column":6},"end":{"line":112,"column":74}},"43":{"start":{"line":111,"column":38},"end":{"line":111,"column":54}},"44":{"start":{"line":112,"column":8},"end":{"line":112,"column":74}},"45":{"start":{"line":114,"column":6},"end":{"line":119,"column":9}},"46":{"start":{"line":115,"column":8},"end":{"line":118,"column":12}},"47":{"start":{"line":115,"column":40},"end":{"line":115,"column":60}},"48":{"start":{"line":116,"column":10},"end":{"line":118,"column":12}},"49":{"start":{"line":121,"column":6},"end":{"line":123,"column":9}},"50":{"start":{"line":124,"column":6},"end":{"line":131,"column":8}},"51":{"start":{"line":126,"column":10},"end":{"line":129,"column":11}},"52":{"start":{"line":132,"column":6},"end":{"line":132,"column":18}},"53":{"start":{"line":135,"column":6},"end":{"line":135,"column":71}},"54":{"start":{"line":135,"column":25},"end":{"line":135,"column":71}},"55":{"start":{"line":136,"column":20},"end":{"line":139,"column":7}},"56":{"start":{"line":140,"column":6},"end":{"line":140,"column":79}},"57":{"start":{"line":140,"column":29},"end":{"line":140,"column":79}},"58":{"start":{"line":141,"column":6},"end":{"line":141,"column":76}},"59":{"start":{"line":142,"column":6},"end":{"line":142,"column":18}},"60":{"start":{"line":145,"column":6},"end":{"line":145,"column":71}},"61":{"start":{"line":145,"column":25},"end":{"line":145,"column":71}},"62":{"start":{"line":147,"column":6},"end":{"line":150,"column":9}},"63":{"start":{"line":151,"column":6},"end":{"line":151,"column":18}},"64":{"start":{"line":154,"column":6},"end":{"line":154,"column":71}},"65":{"start":{"line":154,"column":25},"end":{"line":154,"column":71}},"66":{"start":{"line":155,"column":6},"end":{"line":158,"column":9}},"67":{"start":{"line":159,"column":6},"end":{"line":159,"column":18}},"68":{"start":{"line":162,"column":6},"end":{"line":162,"column":71}},"69":{"start":{"line":162,"column":25},"end":{"line":162,"column":71}},"70":{"start":{"line":163,"column":6},"end":{"line":166,"column":9}},"71":{"start":{"line":167,"column":6},"end":{"line":167,"column":18}}},"fnMap":{"0":{"name":"(anonymous_0)","decl":{"start":{"line":11,"column":13},"end":{"line":11,"column":14}},"loc":{"start":{"line":11,"column":52},"end":{"line":47,"column":5}},"line":11},"1":{"name":"(anonymous_1)","decl":{"start":{"line":24,"column":35},"end":{"line":24,"column":36}},"loc":{"start":{"line":24,"column":42},"end":{"line":24,"column":69}},"line":24},"2":{"name":"(anonymous_2)","decl":{"start":{"line":25,"column":46},"end":{"line":25,"column":47}},"loc":{"start":{"line":25,"column":65},"end":{"line":35,"column":9}},"line":25},"3":{"name":"(anonymous_3)","decl":{"start":{"line":27,"column":12},"end":{"line":27,"column":13}},"loc":{"start":{"line":27,"column":24},"end":{"line":27,"column":49}},"line":27},"4":{"name":"(anonymous_4)","decl":{"start":{"line":36,"column":49},"end":{"line":36,"column":50}},"loc":{"start":{"line":36,"column":69},"end":{"line":45,"column":9}},"line":36},"5":{"name":"(anonymous_5)","decl":{"start":{"line":38,"column":12},"end":{"line":38,"column":13}},"loc":{"start":{"line":38,"column":24},"end":{"line":38,"column":50}},"line":38},"6":{"name":"(anonymous_6)","decl":{"start":{"line":50,"column":11},"end":{"line":50,"column":12}},"loc":{"start":{"line":50,"column":50},"end":{"line":66,"column":5}},"line":50},"7":{"name":"(anonymous_7)","decl":{"start":{"line":58,"column":13},"end":{"line":58,"column":14}},"loc":{"start":{"line":58,"column":19},"end":{"line":58,"column":48}},"line":58},"8":{"name":"(anonymous_8)","decl":{"start":{"line":67,"column":14},"end":{"line":67,"column":15}},"loc":{"start":{"line":67,"column":53},"end":{"line":83,"column":5}},"line":67},"9":{"name":"(anonymous_9)","decl":{"start":{"line":76,"column":13},"end":{"line":76,"column":14}},"loc":{"start":{"line":76,"column":19},"end":{"line":76,"column":48}},"line":76},"10":{"name":"(anonymous_10)","decl":{"start":{"line":84,"column":20},"end":{"line":84,"column":21}},"loc":{"start":{"line":84,"column":58},"end":{"line":103,"column":5}},"line":84},"11":{"name":"(anonymous_11)","decl":{"start":{"line":87,"column":30},"end":{"line":87,"column":31}},"loc":{"start":{"line":87,"column":38},"end":{"line":87,"column":79}},"line":87},"12":{"name":"(anonymous_12)","decl":{"start":{"line":87,"column":56},"end":{"line":87,"column":57}},"loc":{"start":{"line":87,"column":64},"end":{"line":87,"column":78}},"line":87},"13":{"name":"(anonymous_13)","decl":{"start":{"line":95,"column":29},"end":{"line":95,"column":30}},"loc":{"start":{"line":96,"column":10},"end":{"line":99,"column":12}},"line":96},"14":{"name":"(anonymous_14)","decl":{"start":{"line":104,"column":19},"end":{"line":104,"column":20}},"loc":{"start":{"line":104,"column":57},"end":{"line":133,"column":5}},"line":104},"15":{"name":"(anonymous_15)","decl":{"start":{"line":107,"column":29},"end":{"line":107,"column":30}},"loc":{"start":{"line":107,"column":37},"end":{"line":107,"column":77}},"line":107},"16":{"name":"(anonymous_16)","decl":{"start":{"line":107,"column":54},"end":{"line":107,"column":55}},"loc":{"start":{"line":107,"column":62},"end":{"line":107,"column":76}},"line":107},"17":{"name":"(anonymous_17)","decl":{"start":{"line":111,"column":31},"end":{"line":111,"column":32}},"loc":{"start":{"line":111,"column":38},"end":{"line":111,"column":54}},"line":111},"18":{"name":"(anonymous_18)","decl":{"start":{"line":114,"column":61},"end":{"line":114,"column":62}},"loc":{"start":{"line":114,"column":72},"end":{"line":119,"column":7}},"line":114},"19":{"name":"(anonymous_19)","decl":{"start":{"line":115,"column":33},"end":{"line":115,"column":34}},"loc":{"start":{"line":115,"column":40},"end":{"line":115,"column":60}},"line":115},"20":{"name":"(anonymous_20)","decl":{"start":{"line":125,"column":28},"end":{"line":125,"column":29}},"loc":{"start":{"line":126,"column":10},"end":{"line":129,"column":11}},"line":126},"21":{"name":"(anonymous_21)","decl":{"start":{"line":134,"column":19},"end":{"line":134,"column":20}},"loc":{"start":{"line":134,"column":57},"end":{"line":143,"column":5}},"line":134},"22":{"name":"(anonymous_22)","decl":{"start":{"line":144,"column":28},"end":{"line":144,"column":29}},"loc":{"start":{"line":144,"column":66},"end":{"line":152,"column":5}},"line":144},"23":{"name":"(anonymous_23)","decl":{"start":{"line":153,"column":17},"end":{"line":153,"column":18}},"loc":{"start":{"line":153,"column":55},"end":{"line":160,"column":5}},"line":153},"24":{"name":"(anonymous_24)","decl":{"start":{"line":161,"column":20},"end":{"line":161,"column":21}},"loc":{"start":{"line":161,"column":58},"end":{"line":168,"column":5}},"line":161}},"branchMap":{"0":{"loc":{"start":{"line":12,"column":6},"end":{"line":12,"column":71}},"type":"if","locations":[{"start":{"line":12,"column":6},"end":{"line":12,"column":71}},{"start":{"line":12,"column":6},"end":{"line":12,"column":71}}],"line":12},"1":{"loc":{"start":{"line":55,"column":6},"end":{"line":56,"column":67}},"type":"if","locations":[{"start":{"line":55,"column":6},"end":{"line":56,"column":67}},{"start":{"line":55,"column":6},"end":{"line":56,"column":67}}],"line":55},"2":{"loc":{"start":{"line":72,"column":6},"end":{"line":73,"column":62}},"type":"if","locations":[{"start":{"line":72,"column":6},"end":{"line":73,"column":62}},{"start":{"line":72,"column":6},"end":{"line":73,"column":62}}],"line":72},"3":{"loc":{"start":{"line":85,"column":6},"end":{"line":85,"column":71}},"type":"if","locations":[{"start":{"line":85,"column":6},"end":{"line":85,"column":71}},{"start":{"line":85,"column":6},"end":{"line":85,"column":71}}],"line":85},"4":{"loc":{"start":{"line":86,"column":6},"end":{"line":89,"column":58}},"type":"if","locations":[{"start":{"line":86,"column":6},"end":{"line":89,"column":58}},{"start":{"line":86,"column":6},"end":{"line":89,"column":58}}],"line":86},"5":{"loc":{"start":{"line":105,"column":6},"end":{"line":105,"column":71}},"type":"if","locations":[{"start":{"line":105,"column":6},"end":{"line":105,"column":71}},{"start":{"line":105,"column":6},"end":{"line":105,"column":71}}],"line":105},"6":{"loc":{"start":{"line":106,"column":6},"end":{"line":109,"column":57}},"type":"if","locations":[{"start":{"line":106,"column":6},"end":{"line":109,"column":57}},{"start":{"line":106,"column":6},"end":{"line":109,"column":57}}],"line":106},"7":{"loc":{"start":{"line":111,"column":6},"end":{"line":112,"column":74}},"type":"if","locations":[{"start":{"line":111,"column":6},"end":{"line":112,"column":74}},{"start":{"line":111,"column":6},"end":{"line":112,"column":74}}],"line":111},"8":{"loc":{"start":{"line":115,"column":8},"end":{"line":118,"column":12}},"type":"if","locations":[{"start":{"line":115,"column":8},"end":{"line":118,"column":12}},{"start":{"line":115,"column":8},"end":{"line":118,"column":12}}],"line":115},"9":{"loc":{"start":{"line":135,"column":6},"end":{"line":135,"column":71}},"type":"if","locations":[{"start":{"line":135,"column":6},"end":{"line":135,"column":71}},{"start":{"line":135,"column":6},"end":{"line":135,"column":71}}],"line":135},"10":{"loc":{"start":{"line":140,"column":6},"end":{"line":140,"column":79}},"type":"if","locations":[{"start":{"line":140,"column":6},"end":{"line":140,"column":79}},{"start":{"line":140,"column":6},"end":{"line":140,"column":79}}],"line":140},"11":{"loc":{"start":{"line":145,"column":6},"end":{"line":145,"column":71}},"type":"if","locations":[{"start":{"line":145,"column":6},"end":{"line":145,"column":71}},{"start":{"line":145,"column":6},"end":{"line":145,"column":71}}],"line":145},"12":{"loc":{"start":{"line":154,"column":6},"end":{"line":154,"column":71}},"type":"if","locations":[{"start":{"line":154,"column":6},"end":{"line":154,"column":71}},{"start":{"line":154,"column":6},"end":{"line":154,"column":71}}],"line":154},"13":{"loc":{"start":{"line":162,"column":6},"end":{"line":162,"column":71}},"type":"if","locations":[{"start":{"line":162,"column":6},"end":{"line":162,"column":71}},{"start":{"line":162,"column":6},"end":{"line":162,"column":71}}],"line":162}},"s":{"0":3,"1":10,"2":1,"3":9,"4":9,"5":33,"6":18,"7":9,"8":18,"9":18,"10":10,"11":18,"12":5,"13":5,"14":1,"15":4,"16":256,"17":4,"18":4,"19":6,"20":6,"21":1,"22":5,"23":320,"24":5,"25":5,"26":3,"27":1,"28":2,"29":2,"30":3,"31":1,"32":1,"33":1,"34":1,"35":1,"36":5,"37":1,"38":4,"39":6,"40":9,"41":1,"42":3,"43":5,"44":1,"45":2,"46":4,"47":6,"48":1,"49":1,"50":1,"51":2,"52":1,"53":5,"54":2,"55":3,"56":3,"57":1,"58":2,"59":2,"60":2,"61":1,"62":1,"63":1,"64":2,"65":1,"66":1,"67":1,"68":2,"69":1,"70":1,"71":1},"f":{"0":10,"1":33,"2":18,"3":9,"4":18,"5":10,"6":5,"7":256,"8":6,"9":320,"10":3,"11":2,"12":3,"13":1,"14":5,"15":6,"16":9,"17":5,"18":4,"19":6,"20":2,"21":5,"22":2,"23":2,"24":2},"b":{"0":[1,9],"1":[1,4],"2":[1,5],"3":[1,2],"4":[1,1],"5":[1,4],"6":[1,3],"7":[1,2],"8":[1,3],"9":[2,3],"10":[1,2],"11":[1,1],"12":[1,1],"13":[1,1]},"_coverageSchema":"1a1c01bbd47fc00a2c39e90264f33305004495a9","hash":"2a220627f429e01d0b7dedc41a38099540f779a6"}
,"/Users/quentinthomas/Documents/DEV/soto/Soto/server/resolvers/cartResolver.ts": {"path":"/Users/quentinthomas/Documents/DEV/soto/Soto/server/resolvers/cartResolver.ts","statementMap":{"0":{"start":{"line":6,"column":30},"end":{"line":42,"column":1}},"1":{"start":{"line":7,"column":19},"end":{"line":7,"column":20}},"2":{"start":{"line":9,"column":2},"end":{"line":17,"column":4}},"3":{"start":{"line":11,"column":23},"end":{"line":14,"column":7}},"4":{"start":{"line":15,"column":6},"end":{"line":15,"column":42}},"5":{"start":{"line":19,"column":21},"end":{"line":40,"column":1}},"6":{"start":{"line":21,"column":4},"end":{"line":21,"column":60}},"7":{"start":{"line":21,"column":45},"end":{"line":21,"column":60}},"8":{"start":{"line":22,"column":4},"end":{"line":22,"column":22}},"9":{"start":{"line":25,"column":4},"end":{"line":25,"column":60}},"10":{"start":{"line":25,"column":45},"end":{"line":25,"column":60}},"11":{"start":{"line":26,"column":4},"end":{"line":26,"column":22}},"12":{"start":{"line":29,"column":41},"end":{"line":38,"column":3}},"13":{"start":{"line":41,"column":0},"end":{"line":41,"column":12}},"14":{"start":{"line":44,"column":40},"end":{"line":138,"column":1}},"15":{"start":{"line":47,"column":6},"end":{"line":48,"column":54}},"16":{"start":{"line":48,"column":8},"end":{"line":48,"column":54}},"17":{"start":{"line":50,"column":8},"end":{"line":51,"column":56}},"18":{"start":{"line":51,"column":8},"end":{"line":51,"column":56}},"19":{"start":{"line":53,"column":22},"end":{"line":56,"column":7}},"20":{"start":{"line":58,"column":6},"end":{"line":58,"column":63}},"21":{"start":{"line":58,"column":20},"end":{"line":58,"column":63}},"22":{"start":{"line":60,"column":6},"end":{"line":60,"column":50}},"23":{"start":{"line":63,"column":6},"end":{"line":63,"column":71}},"24":{"start":{"line":63,"column":25},"end":{"line":63,"column":71}},"25":{"start":{"line":65,"column":26},"end":{"line":65,"column":287}},"26":{"start":{"line":66,"column":37},"end":{"line":71,"column":63}},"27":{"start":{"line":67,"column":8},"end":{"line":70,"column":39}},"28":{"start":{"line":68,"column":10},"end":{"line":68,"column":21}},"29":{"start":{"line":70,"column":10},"end":{"line":70,"column":39}},"30":{"start":{"line":71,"column":37},"end":{"line":71,"column":62}},"31":{"start":{"line":74,"column":24},"end":{"line":76,"column":7}},"32":{"start":{"line":75,"column":8},"end":{"line":75,"column":47}},"33":{"start":{"line":75,"column":32},"end":{"line":75,"column":46}},"34":{"start":{"line":78,"column":6},"end":{"line":78,"column":30}},"35":{"start":{"line":79,"column":6},"end":{"line":79,"column":76}},"36":{"start":{"line":79,"column":50},"end":{"line":79,"column":74}},"37":{"start":{"line":84,"column":6},"end":{"line":84,"column":71}},"38":{"start":{"line":84,"column":25},"end":{"line":84,"column":71}},"39":{"start":{"line":85,"column":37},"end":{"line":85,"column":49}},"40":{"start":{"line":86,"column":6},"end":{"line":86,"column":80}},"41":{"start":{"line":86,"column":37},"end":{"line":86,"column":80}},"42":{"start":{"line":87,"column":6},"end":{"line":87,"column":70}},"43":{"start":{"line":87,"column":27},"end":{"line":87,"column":70}},"44":{"start":{"line":89,"column":6},"end":{"line":92,"column":8}},"45":{"start":{"line":95,"column":6},"end":{"line":95,"column":18}},"46":{"start":{"line":98,"column":6},"end":{"line":98,"column":71}},"47":{"start":{"line":98,"column":25},"end":{"line":98,"column":71}},"48":{"start":{"line":99,"column":45},"end":{"line":99,"column":57}},"49":{"start":{"line":100,"column":6},"end":{"line":100,"column":84}},"50":{"start":{"line":100,"column":41},"end":{"line":100,"column":84}},"51":{"start":{"line":101,"column":6},"end":{"line":101,"column":70}},"52":{"start":{"line":101,"column":27},"end":{"line":101,"column":70}},"53":{"start":{"line":103,"column":6},"end":{"line":106,"column":8}},"54":{"start":{"line":107,"column":6},"end":{"line":107,"column":18}},"55":{"start":{"line":110,"column":8},"end":{"line":110,"column":73}},"56":{"start":{"line":110,"column":27},"end":{"line":110,"column":73}},"57":{"start":{"line":111,"column":39},"end":{"line":111,"column":51}},"58":{"start":{"line":112,"column":8},"end":{"line":112,"column":82}},"59":{"start":{"line":112,"column":39},"end":{"line":112,"column":82}},"60":{"start":{"line":115,"column":8},"end":{"line":118,"column":12}},"61":{"start":{"line":119,"column":10},"end":{"line":119,"column":22}},"62":{"start":{"line":125,"column":26},"end":{"line":130,"column":15}},"63":{"start":{"line":126,"column":12},"end":{"line":129,"column":23}},"64":{"start":{"line":127,"column":14},"end":{"line":127,"column":36}},"65":{"start":{"line":129,"column":12},"end":{"line":129,"column":23}},"66":{"start":{"line":131,"column":10},"end":{"line":134,"column":13}},"67":{"start":{"line":135,"column":10},"end":{"line":135,"column":22}}},"fnMap":{"0":{"name":"(anonymous_0)","decl":{"start":{"line":6,"column":30},"end":{"line":6,"column":31}},"loc":{"start":{"line":6,"column":55},"end":{"line":42,"column":1}},"line":6},"1":{"name":"(anonymous_1)","decl":{"start":{"line":10,"column":16},"end":{"line":10,"column":17}},"loc":{"start":{"line":10,"column":28},"end":{"line":16,"column":5}},"line":10},"2":{"name":"(anonymous_2)","decl":{"start":{"line":20,"column":30},"end":{"line":20,"column":31}},"loc":{"start":{"line":20,"column":59},"end":{"line":23,"column":3}},"line":20},"3":{"name":"(anonymous_3)","decl":{"start":{"line":24,"column":31},"end":{"line":24,"column":32}},"loc":{"start":{"line":24,"column":60},"end":{"line":27,"column":3}},"line":24},"4":{"name":"(anonymous_4)","decl":{"start":{"line":29,"column":33},"end":{"line":29,"column":34}},"loc":{"start":{"line":29,"column":41},"end":{"line":38,"column":3}},"line":29},"5":{"name":"(anonymous_5)","decl":{"start":{"line":46,"column":10},"end":{"line":46,"column":11}},"loc":{"start":{"line":46,"column":49},"end":{"line":61,"column":5}},"line":46},"6":{"name":"(anonymous_6)","decl":{"start":{"line":62,"column":14},"end":{"line":62,"column":15}},"loc":{"start":{"line":62,"column":53},"end":{"line":80,"column":5}},"line":62},"7":{"name":"(anonymous_7)","decl":{"start":{"line":66,"column":66},"end":{"line":66,"column":67}},"loc":{"start":{"line":66,"column":85},"end":{"line":71,"column":7}},"line":66},"8":{"name":"(anonymous_8)","decl":{"start":{"line":71,"column":32},"end":{"line":71,"column":33}},"loc":{"start":{"line":71,"column":37},"end":{"line":71,"column":62}},"line":71},"9":{"name":"(anonymous_9)","decl":{"start":{"line":74,"column":41},"end":{"line":74,"column":42}},"loc":{"start":{"line":75,"column":8},"end":{"line":75,"column":47}},"line":75},"10":{"name":"(anonymous_10)","decl":{"start":{"line":75,"column":27},"end":{"line":75,"column":28}},"loc":{"start":{"line":75,"column":32},"end":{"line":75,"column":46}},"line":75},"11":{"name":"(anonymous_11)","decl":{"start":{"line":79,"column":45},"end":{"line":79,"column":46}},"loc":{"start":{"line":79,"column":50},"end":{"line":79,"column":74}},"line":79},"12":{"name":"(anonymous_12)","decl":{"start":{"line":83,"column":15},"end":{"line":83,"column":16}},"loc":{"start":{"line":83,"column":53},"end":{"line":96,"column":5}},"line":83},"13":{"name":"(anonymous_13)","decl":{"start":{"line":97,"column":20},"end":{"line":97,"column":21}},"loc":{"start":{"line":97,"column":58},"end":{"line":108,"column":5}},"line":97},"14":{"name":"(anonymous_14)","decl":{"start":{"line":109,"column":15},"end":{"line":109,"column":16}},"loc":{"start":{"line":109,"column":54},"end":{"line":120,"column":5}},"line":109},"15":{"name":"(anonymous_15)","decl":{"start":{"line":121,"column":18},"end":{"line":121,"column":19}},"loc":{"start":{"line":121,"column":56},"end":{"line":136,"column":9}},"line":121},"16":{"name":"(anonymous_16)","decl":{"start":{"line":125,"column":88},"end":{"line":125,"column":89}},"loc":{"start":{"line":125,"column":110},"end":{"line":130,"column":11}},"line":125}},"branchMap":{"0":{"loc":{"start":{"line":20,"column":15},"end":{"line":23,"column":30}},"type":"binary-expr","locations":[{"start":{"line":20,"column":15},"end":{"line":23,"column":16}},{"start":{"line":23,"column":20},"end":{"line":23,"column":30}}],"line":20},"1":{"loc":{"start":{"line":21,"column":4},"end":{"line":21,"column":60}},"type":"if","locations":[{"start":{"line":21,"column":4},"end":{"line":21,"column":60}},{"start":{"line":21,"column":4},"end":{"line":21,"column":60}}],"line":21},"2":{"loc":{"start":{"line":21,"column":8},"end":{"line":21,"column":43}},"type":"binary-expr","locations":[{"start":{"line":21,"column":8},"end":{"line":21,"column":19}},{"start":{"line":21,"column":23},"end":{"line":21,"column":43}}],"line":21},"3":{"loc":{"start":{"line":24,"column":16},"end":{"line":27,"column":30}},"type":"binary-expr","locations":[{"start":{"line":24,"column":16},"end":{"line":27,"column":16}},{"start":{"line":27,"column":20},"end":{"line":27,"column":30}}],"line":24},"4":{"loc":{"start":{"line":25,"column":4},"end":{"line":25,"column":60}},"type":"if","locations":[{"start":{"line":25,"column":4},"end":{"line":25,"column":60}},{"start":{"line":25,"column":4},"end":{"line":25,"column":60}}],"line":25},"5":{"loc":{"start":{"line":25,"column":8},"end":{"line":25,"column":43}},"type":"binary-expr","locations":[{"start":{"line":25,"column":8},"end":{"line":25,"column":19}},{"start":{"line":25,"column":23},"end":{"line":25,"column":43}}],"line":25},"6":{"loc":{"start":{"line":31,"column":15},"end":{"line":31,"column":44}},"type":"binary-expr","locations":[{"start":{"line":31,"column":15},"end":{"line":31,"column":38}},{"start":{"line":31,"column":42},"end":{"line":31,"column":44}}],"line":31},"7":{"loc":{"start":{"line":32,"column":17},"end":{"line":32,"column":48}},"type":"binary-expr","locations":[{"start":{"line":32,"column":17},"end":{"line":32,"column":42}},{"start":{"line":32,"column":46},"end":{"line":32,"column":48}}],"line":32},"8":{"loc":{"start":{"line":33,"column":16},"end":{"line":33,"column":46}},"type":"binary-expr","locations":[{"start":{"line":33,"column":16},"end":{"line":33,"column":40}},{"start":{"line":33,"column":44},"end":{"line":33,"column":46}}],"line":33},"9":{"loc":{"start":{"line":34,"column":15},"end":{"line":34,"column":44}},"type":"binary-expr","locations":[{"start":{"line":34,"column":15},"end":{"line":34,"column":38}},{"start":{"line":34,"column":42},"end":{"line":34,"column":44}}],"line":34},"10":{"loc":{"start":{"line":47,"column":6},"end":{"line":48,"column":54}},"type":"if","locations":[{"start":{"line":47,"column":6},"end":{"line":48,"column":54}},{"start":{"line":47,"column":6},"end":{"line":48,"column":54}}],"line":47},"11":{"loc":{"start":{"line":50,"column":8},"end":{"line":51,"column":56}},"type":"if","locations":[{"start":{"line":50,"column":8},"end":{"line":51,"column":56}},{"start":{"line":50,"column":8},"end":{"line":51,"column":56}}],"line":50},"12":{"loc":{"start":{"line":58,"column":6},"end":{"line":58,"column":63}},"type":"if","locations":[{"start":{"line":58,"column":6},"end":{"line":58,"column":63}},{"start":{"line":58,"column":6},"end":{"line":58,"column":63}}],"line":58},"13":{"loc":{"start":{"line":63,"column":6},"end":{"line":63,"column":71}},"type":"if","locations":[{"start":{"line":63,"column":6},"end":{"line":63,"column":71}},{"start":{"line":63,"column":6},"end":{"line":63,"column":71}}],"line":63},"14":{"loc":{"start":{"line":67,"column":8},"end":{"line":70,"column":39}},"type":"if","locations":[{"start":{"line":67,"column":8},"end":{"line":70,"column":39}},{"start":{"line":67,"column":8},"end":{"line":70,"column":39}}],"line":67},"15":{"loc":{"start":{"line":84,"column":6},"end":{"line":84,"column":71}},"type":"if","locations":[{"start":{"line":84,"column":6},"end":{"line":84,"column":71}},{"start":{"line":84,"column":6},"end":{"line":84,"column":71}}],"line":84},"16":{"loc":{"start":{"line":86,"column":6},"end":{"line":86,"column":80}},"type":"if","locations":[{"start":{"line":86,"column":6},"end":{"line":86,"column":80}},{"start":{"line":86,"column":6},"end":{"line":86,"column":80}}],"line":86},"17":{"loc":{"start":{"line":86,"column":10},"end":{"line":86,"column":35}},"type":"binary-expr","locations":[{"start":{"line":86,"column":10},"end":{"line":86,"column":17}},{"start":{"line":86,"column":21},"end":{"line":86,"column":24}},{"start":{"line":86,"column":28},"end":{"line":86,"column":35}}],"line":86},"18":{"loc":{"start":{"line":87,"column":6},"end":{"line":87,"column":70}},"type":"if","locations":[{"start":{"line":87,"column":6},"end":{"line":87,"column":70}},{"start":{"line":87,"column":6},"end":{"line":87,"column":70}}],"line":87},"19":{"loc":{"start":{"line":98,"column":6},"end":{"line":98,"column":71}},"type":"if","locations":[{"start":{"line":98,"column":6},"end":{"line":98,"column":71}},{"start":{"line":98,"column":6},"end":{"line":98,"column":71}}],"line":98},"20":{"loc":{"start":{"line":100,"column":6},"end":{"line":100,"column":84}},"type":"if","locations":[{"start":{"line":100,"column":6},"end":{"line":100,"column":84}},{"start":{"line":100,"column":6},"end":{"line":100,"column":84}}],"line":100},"21":{"loc":{"start":{"line":100,"column":10},"end":{"line":100,"column":39}},"type":"binary-expr","locations":[{"start":{"line":100,"column":10},"end":{"line":100,"column":17}},{"start":{"line":100,"column":21},"end":{"line":100,"column":28}},{"start":{"line":100,"column":32},"end":{"line":100,"column":39}}],"line":100},"22":{"loc":{"start":{"line":101,"column":6},"end":{"line":101,"column":70}},"type":"if","locations":[{"start":{"line":101,"column":6},"end":{"line":101,"column":70}},{"start":{"line":101,"column":6},"end":{"line":101,"column":70}}],"line":101},"23":{"loc":{"start":{"line":110,"column":8},"end":{"line":110,"column":73}},"type":"if","locations":[{"start":{"line":110,"column":8},"end":{"line":110,"column":73}},{"start":{"line":110,"column":8},"end":{"line":110,"column":73}}],"line":110},"24":{"loc":{"start":{"line":112,"column":8},"end":{"line":112,"column":82}},"type":"if","locations":[{"start":{"line":112,"column":8},"end":{"line":112,"column":82}},{"start":{"line":112,"column":8},"end":{"line":112,"column":82}}],"line":112},"25":{"loc":{"start":{"line":112,"column":12},"end":{"line":112,"column":37}},"type":"binary-expr","locations":[{"start":{"line":112,"column":12},"end":{"line":112,"column":19}},{"start":{"line":112,"column":23},"end":{"line":112,"column":26}},{"start":{"line":112,"column":30},"end":{"line":112,"column":37}}],"line":112},"26":{"loc":{"start":{"line":126,"column":12},"end":{"line":129,"column":23}},"type":"if","locations":[{"start":{"line":126,"column":12},"end":{"line":129,"column":23}},{"start":{"line":126,"column":12},"end":{"line":129,"column":23}}],"line":126}},"s":{"0":3,"1":9,"2":9,"3":10,"4":10,"5":9,"6":10,"7":4,"8":10,"9":10,"10":4,"11":10,"12":10,"13":9,"14":3,"15":10,"16":1,"17":9,"18":1,"19":8,"20":8,"21":0,"22":8,"23":1,"24":0,"25":1,"26":1,"27":3,"28":2,"29":1,"30":1,"31":1,"32":1,"33":3,"34":1,"35":1,"36":1,"37":7,"38":0,"39":7,"40":7,"41":0,"42":7,"43":0,"44":7,"45":7,"46":1,"47":0,"48":1,"49":1,"50":0,"51":1,"52":0,"53":1,"54":1,"55":1,"56":0,"57":1,"58":1,"59":0,"60":1,"61":1,"62":1,"63":39,"64":35,"65":4,"66":1,"67":1},"f":{"0":9,"1":10,"2":10,"3":10,"4":10,"5":10,"6":1,"7":3,"8":1,"9":1,"10":3,"11":1,"12":7,"13":1,"14":1,"15":1,"16":39},"b":{"0":[9,5],"1":[4,6],"2":[10,6],"3":[9,5],"4":[4,6],"5":[10,6],"6":[10,0],"7":[10,0],"8":[10,0],"9":[10,0],"10":[1,9],"11":[1,8],"12":[0,8],"13":[0,1],"14":[2,1],"15":[0,7],"16":[0,7],"17":[7,7,7],"18":[0,7],"19":[0,1],"20":[0,1],"21":[1,1,1],"22":[0,1],"23":[0,1],"24":[0,1],"25":[1,1,1],"26":[35,4]},"_coverageSchema":"1a1c01bbd47fc00a2c39e90264f33305004495a9","hash":"2f842c60a78600f5db3a9022ba970aec75373328"}
,"/Users/quentinthomas/Documents/DEV/soto/Soto/server/resolvers/productResolver.ts": {"path":"/Users/quentinthomas/Documents/DEV/soto/Soto/server/resolvers/productResolver.ts","statementMap":{"0":{"start":{"line":6,"column":43},"end":{"line":47,"column":1}},"1":{"start":{"line":9,"column":6},"end":{"line":20,"column":10}},"2":{"start":{"line":12,"column":22},"end":{"line":20,"column":7}},"3":{"start":{"line":23,"column":6},"end":{"line":23,"column":22}},"4":{"start":{"line":28,"column":6},"end":{"line":28,"column":71}},"5":{"start":{"line":28,"column":25},"end":{"line":28,"column":71}},"6":{"start":{"line":29,"column":6},"end":{"line":30,"column":48}},"7":{"start":{"line":30,"column":8},"end":{"line":30,"column":48}},"8":{"start":{"line":32,"column":24},"end":{"line":37,"column":11}},"9":{"start":{"line":33,"column":8},"end":{"line":36,"column":19}},"10":{"start":{"line":34,"column":10},"end":{"line":34,"column":32}},"11":{"start":{"line":36,"column":8},"end":{"line":36,"column":19}},"12":{"start":{"line":39,"column":6},"end":{"line":43,"column":9}},"13":{"start":{"line":44,"column":6},"end":{"line":44,"column":18}}},"fnMap":{"0":{"name":"(anonymous_0)","decl":{"start":{"line":8,"column":20},"end":{"line":8,"column":21}},"loc":{"start":{"line":8,"column":59},"end":{"line":21,"column":5}},"line":8},"1":{"name":"(anonymous_1)","decl":{"start":{"line":12,"column":14},"end":{"line":12,"column":15}},"loc":{"start":{"line":12,"column":22},"end":{"line":20,"column":7}},"line":12},"2":{"name":"(anonymous_2)","decl":{"start":{"line":22,"column":14},"end":{"line":22,"column":15}},"loc":{"start":{"line":22,"column":54},"end":{"line":24,"column":5}},"line":22},"3":{"name":"(anonymous_3)","decl":{"start":{"line":27,"column":13},"end":{"line":27,"column":14}},"loc":{"start":{"line":27,"column":51},"end":{"line":45,"column":5}},"line":27},"4":{"name":"(anonymous_4)","decl":{"start":{"line":32,"column":86},"end":{"line":32,"column":87}},"loc":{"start":{"line":32,"column":108},"end":{"line":37,"column":7}},"line":32}},"branchMap":{"0":{"loc":{"start":{"line":10,"column":33},"end":{"line":10,"column":58}},"type":"binary-expr","locations":[{"start":{"line":10,"column":33},"end":{"line":10,"column":53}},{"start":{"line":10,"column":57},"end":{"line":10,"column":58}}],"line":10},"1":{"loc":{"start":{"line":13,"column":19},"end":{"line":13,"column":48}},"type":"binary-expr","locations":[{"start":{"line":13,"column":19},"end":{"line":13,"column":42}},{"start":{"line":13,"column":46},"end":{"line":13,"column":48}}],"line":13},"2":{"loc":{"start":{"line":14,"column":21},"end":{"line":14,"column":52}},"type":"binary-expr","locations":[{"start":{"line":14,"column":21},"end":{"line":14,"column":46}},{"start":{"line":14,"column":50},"end":{"line":14,"column":52}}],"line":14},"3":{"loc":{"start":{"line":15,"column":20},"end":{"line":15,"column":50}},"type":"binary-expr","locations":[{"start":{"line":15,"column":20},"end":{"line":15,"column":44}},{"start":{"line":15,"column":48},"end":{"line":15,"column":50}}],"line":15},"4":{"loc":{"start":{"line":16,"column":19},"end":{"line":16,"column":48}},"type":"binary-expr","locations":[{"start":{"line":16,"column":19},"end":{"line":16,"column":42}},{"start":{"line":16,"column":46},"end":{"line":16,"column":48}}],"line":16},"5":{"loc":{"start":{"line":28,"column":6},"end":{"line":28,"column":71}},"type":"if","locations":[{"start":{"line":28,"column":6},"end":{"line":28,"column":71}},{"start":{"line":28,"column":6},"end":{"line":28,"column":71}}],"line":28},"6":{"loc":{"start":{"line":29,"column":6},"end":{"line":30,"column":48}},"type":"if","locations":[{"start":{"line":29,"column":6},"end":{"line":30,"column":48}},{"start":{"line":29,"column":6},"end":{"line":30,"column":48}}],"line":29},"7":{"loc":{"start":{"line":29,"column":10},"end":{"line":29,"column":45}},"type":"binary-expr","locations":[{"start":{"line":29,"column":10},"end":{"line":29,"column":26}},{"start":{"line":29,"column":30},"end":{"line":29,"column":45}}],"line":29},"8":{"loc":{"start":{"line":33,"column":8},"end":{"line":36,"column":19}},"type":"if","locations":[{"start":{"line":33,"column":8},"end":{"line":36,"column":19}},{"start":{"line":33,"column":8},"end":{"line":36,"column":19}}],"line":33}},"s":{"0":3,"1":1,"2":2,"3":2,"4":8,"5":2,"6":6,"7":3,"8":3,"9":117,"10":101,"11":16,"12":3,"13":3},"f":{"0":1,"1":2,"2":2,"3":8,"4":117},"b":{"0":[1,1],"1":[2,0],"2":[2,0],"3":[2,0],"4":[2,0],"5":[2,6],"6":[3,3],"7":[6,4],"8":[101,16]},"_coverageSchema":"1a1c01bbd47fc00a2c39e90264f33305004495a9","hash":"8fd01eca68b09ac7237a08318daf6c6e2993a9c2"}
,"/Users/quentinthomas/Documents/DEV/soto/Soto/server/utils/tests.ts": {"path":"/Users/quentinthomas/Documents/DEV/soto/Soto/server/utils/tests.ts","statementMap":{"0":{"start":{"line":4,"column":13},"end":{"line":16,"column":1}},"1":{"start":{"line":6,"column":4},"end":{"line":10,"column":5}},"2":{"start":{"line":7,"column":22},"end":{"line":7,"column":86}},"3":{"start":{"line":8,"column":8},"end":{"line":9,"column":28}},"4":{"start":{"line":9,"column":12},"end":{"line":9,"column":28}},"5":{"start":{"line":12,"column":22},"end":{"line":12,"column":47}},"6":{"start":{"line":13,"column":4},"end":{"line":14,"column":66}},"7":{"start":{"line":14,"column":8},"end":{"line":14,"column":66}},"8":{"start":{"line":15,"column":4},"end":{"line":15,"column":46}},"9":{"start":{"line":18,"column":22},"end":{"line":18,"column":116}},"10":{"start":{"line":18,"column":77},"end":{"line":18,"column":116}},"11":{"start":{"line":19,"column":21},"end":{"line":19,"column":112}},"12":{"start":{"line":19,"column":76},"end":{"line":19,"column":112}}},"fnMap":{"0":{"name":"(anonymous_0)","decl":{"start":{"line":4,"column":13},"end":{"line":4,"column":14}},"loc":{"start":{"line":4,"column":94},"end":{"line":16,"column":1}},"line":4},"1":{"name":"(anonymous_1)","decl":{"start":{"line":18,"column":22},"end":{"line":18,"column":23}},"loc":{"start":{"line":18,"column":77},"end":{"line":18,"column":116}},"line":18},"2":{"name":"(anonymous_2)","decl":{"start":{"line":19,"column":21},"end":{"line":19,"column":22}},"loc":{"start":{"line":19,"column":76},"end":{"line":19,"column":112}},"line":19}},"branchMap":{"0":{"loc":{"start":{"line":6,"column":4},"end":{"line":10,"column":5}},"type":"if","locations":[{"start":{"line":6,"column":4},"end":{"line":10,"column":5}},{"start":{"line":6,"column":4},"end":{"line":10,"column":5}}],"line":6},"1":{"loc":{"start":{"line":8,"column":8},"end":{"line":9,"column":28}},"type":"if","locations":[{"start":{"line":8,"column":8},"end":{"line":9,"column":28}},{"start":{"line":8,"column":8},"end":{"line":9,"column":28}}],"line":8},"2":{"loc":{"start":{"line":13,"column":4},"end":{"line":14,"column":66}},"type":"if","locations":[{"start":{"line":13,"column":4},"end":{"line":14,"column":66}},{"start":{"line":13,"column":4},"end":{"line":14,"column":66}}],"line":13}},"s":{"0":3,"1":72,"2":49,"3":49,"4":49,"5":72,"6":72,"7":0,"8":72,"9":3,"10":48,"11":3,"12":24},"f":{"0":72,"1":48,"2":24},"b":{"0":[49,23],"1":[49,0],"2":[0,72]},"_coverageSchema":"1a1c01bbd47fc00a2c39e90264f33305004495a9","hash":"3ccb781c109aae434a6e2bd780c6f57d492f99c4"}
}
