{"C:\\Soto\\Soto\\i18n.js": {"path":"C:\\Soto\\Soto\\i18n.js","statementMap":{"0":{"start":{"line":7,"column":0},"end":{"line":18,"column":4}}},"fnMap":{},"branchMap":{},"s":{"0":2},"f":{},"b":{},"_coverageSchema":"1a1c01bbd47fc00a2c39e90264f33305004495a9","hash":"5993cb2efb57a3d20500c2883dca209ea7e88fff"}
,"C:\\Soto\\Soto\\components\\encapsulationComponents\\DarkModeParent.tsx": {"path":"C:\\Soto\\Soto\\components\\encapsulationComponents\\DarkModeParent.tsx","statementMap":{"0":{"start":{"line":22,"column":28},"end":{"line":30,"column":1}},"1":{"start":{"line":23,"column":18},"end":{"line":23,"column":31}},"2":{"start":{"line":25,"column":2},"end":{"line":29,"column":3}},"3":{"start":{"line":26,"column":4},"end":{"line":26,"column":24}},"4":{"start":{"line":28,"column":4},"end":{"line":28,"column":25}},"5":{"start":{"line":32,"column":23},"end":{"line":51,"column":1}},"6":{"start":{"line":33,"column":18},"end":{"line":33,"column":31}},"7":{"start":{"line":34,"column":18},"end":{"line":34,"column":51}},"8":{"start":{"line":35,"column":21},"end":{"line":35,"column":25}},"9":{"start":{"line":36,"column":22},"end":{"line":36,"column":26}},"10":{"start":{"line":38,"column":2},"end":{"line":38,"column":70}},"11":{"start":{"line":39,"column":2},"end":{"line":39,"column":65}},"12":{"start":{"line":41,"column":2},"end":{"line":50,"column":4}}},"fnMap":{"0":{"name":"(anonymous_0)","decl":{"start":{"line":22,"column":28},"end":{"line":22,"column":29}},"loc":{"start":{"line":22,"column":34},"end":{"line":30,"column":1}},"line":22},"1":{"name":"(anonymous_1)","decl":{"start":{"line":32,"column":23},"end":{"line":32,"column":24}},"loc":{"start":{"line":32,"column":59},"end":{"line":51,"column":1}},"line":32}},"branchMap":{"0":{"loc":{"start":{"line":25,"column":2},"end":{"line":29,"column":3}},"type":"if","locations":[{"start":{"line":25,"column":2},"end":{"line":29,"column":3}},{"start":{"line":25,"column":2},"end":{"line":29,"column":3}}],"line":25},"1":{"loc":{"start":{"line":34,"column":18},"end":{"line":34,"column":51}},"type":"cond-expr","locations":[{"start":{"line":34,"column":32},"end":{"line":34,"column":43}},{"start":{"line":34,"column":46},"end":{"line":34,"column":51}}],"line":34},"2":{"loc":{"start":{"line":38,"column":17},"end":{"line":38,"column":69}},"type":"cond-expr","locations":[{"start":{"line":38,"column":41},"end":{"line":38,"column":54}},{"start":{"line":38,"column":57},"end":{"line":38,"column":69}}],"line":38},"3":{"loc":{"start":{"line":39,"column":18},"end":{"line":39,"column":64}},"type":"cond-expr","locations":[{"start":{"line":39,"column":42},"end":{"line":39,"column":52}},{"start":{"line":39,"column":55},"end":{"line":39,"column":64}}],"line":39}},"s":{"0":1,"1":0,"2":0,"3":0,"4":0,"5":1,"6":1,"7":1,"8":1,"9":1,"10":1,"11":1,"12":1},"f":{"0":0,"1":1},"b":{"0":[0,0],"1":[0,1],"2":[1,0],"3":[1,0]},"_coverageSchema":"1a1c01bbd47fc00a2c39e90264f33305004495a9","hash":"21212efb6bfb6dee5e004846a38f2a7cd2d7ab05"}
,"C:\\Soto\\Soto\\components\\encapsulationComponents\\RightPanel.tsx": {"path":"C:\\Soto\\Soto\\components\\encapsulationComponents\\RightPanel.tsx","statementMap":{"0":{"start":{"line":5,"column":19},"end":{"line":11,"column":1}},"1":{"start":{"line":7,"column":0},"end":{"line":10,"column":8}}},"fnMap":{"0":{"name":"(anonymous_0)","decl":{"start":{"line":5,"column":19},"end":{"line":5,"column":20}},"loc":{"start":{"line":5,"column":57},"end":{"line":11,"column":1}},"line":5}},"branchMap":{},"s":{"0":1,"1":1},"f":{"0":1},"b":{},"_coverageSchema":"1a1c01bbd47fc00a2c39e90264f33305004495a9","hash":"044b9f5f06bc2d6c7fd14ef9d73067554ce1154a"}
,"C:\\Soto\\Soto\\components\\settings\\ToggleColorMode.tsx": {"path":"C:\\Soto\\Soto\\components\\settings\\ToggleColorMode.tsx","statementMap":{"0":{"start":{"line":5,"column":24},"end":{"line":21,"column":1}},"1":{"start":{"line":6,"column":20},"end":{"line":6,"column":36}},"2":{"start":{"line":7,"column":18},"end":{"line":7,"column":35}},"3":{"start":{"line":8,"column":2},"end":{"line":8,"column":7}},"4":{"start":{"line":10,"column":2},"end":{"line":20,"column":4}}},"fnMap":{"0":{"name":"(anonymous_0)","decl":{"start":{"line":5,"column":24},"end":{"line":5,"column":25}},"loc":{"start":{"line":5,"column":74},"end":{"line":21,"column":1}},"line":5}},"branchMap":{"0":{"loc":{"start":{"line":18,"column":10},"end":{"line":18,"column":62}},"type":"cond-expr","locations":[{"start":{"line":18,"column":20},"end":{"line":18,"column":40}},{"start":{"line":18,"column":43},"end":{"line":18,"column":62}}],"line":18}},"s":{"0":1,"1":1,"2":1,"3":1,"4":1},"f":{"0":1},"b":{"0":[1,0]},"_coverageSchema":"1a1c01bbd47fc00a2c39e90264f33305004495a9","hash":"c66cb203decbf9b438024da1bedd5533c7ac5920"}
,"C:\\Soto\\Soto\\components\\settings\\ToggleLanguage.tsx": {"path":"C:\\Soto\\Soto\\components\\settings\\ToggleLanguage.tsx","statementMap":{"0":{"start":{"line":8,"column":23},"end":{"line":22,"column":1}},"1":{"start":{"line":9,"column":4},"end":{"line":21,"column":12}},"2":{"start":{"line":12,"column":22},"end":{"line":12,"column":49}},"3":{"start":{"line":13,"column":12},"end":{"line":19,"column":13}},"4":{"start":{"line":14,"column":16},"end":{"line":14,"column":41}},"5":{"start":{"line":15,"column":16},"end":{"line":15,"column":50}},"6":{"start":{"line":17,"column":16},"end":{"line":17,"column":41}},"7":{"start":{"line":18,"column":16},"end":{"line":18,"column":50}}},"fnMap":{"0":{"name":"(anonymous_0)","decl":{"start":{"line":8,"column":23},"end":{"line":8,"column":24}},"loc":{"start":{"line":8,"column":58},"end":{"line":22,"column":1}},"line":8},"1":{"name":"(anonymous_1)","decl":{"start":{"line":11,"column":63},"end":{"line":11,"column":64}},"loc":{"start":{"line":11,"column":69},"end":{"line":20,"column":7}},"line":11}},"branchMap":{"0":{"loc":{"start":{"line":13,"column":12},"end":{"line":19,"column":13}},"type":"if","locations":[{"start":{"line":13,"column":12},"end":{"line":19,"column":13}},{"start":{"line":13,"column":12},"end":{"line":19,"column":13}}],"line":13}},"s":{"0":2,"1":2,"2":0,"3":0,"4":0,"5":0,"6":0,"7":0},"f":{"0":2,"1":0},"b":{"0":[0,0]},"_coverageSchema":"1a1c01bbd47fc00a2c39e90264f33305004495a9","hash":"0952ba3c01c3da232f7d1567b34f9b31e8632119"}
,"C:\\Soto\\Soto\\components\\settings\\useDarkMode.tsx": {"path":"C:\\Soto\\Soto\\components\\settings\\useDarkMode.tsx","statementMap":{"0":{"start":{"line":9,"column":27},"end":{"line":28,"column":1}},"1":{"start":{"line":10,"column":28},"end":{"line":10,"column":50}},"2":{"start":{"line":12,"column":2},"end":{"line":15,"column":9}},"3":{"start":{"line":13,"column":23},"end":{"line":13,"column":59}},"4":{"start":{"line":14,"column":4},"end":{"line":14,"column":39}},"5":{"start":{"line":17,"column":22},"end":{"line":25,"column":3}},"6":{"start":{"line":18,"column":4},"end":{"line":24,"column":5}},"7":{"start":{"line":19,"column":6},"end":{"line":19,"column":50}},"8":{"start":{"line":20,"column":6},"end":{"line":20,"column":22}},"9":{"start":{"line":22,"column":6},"end":{"line":22,"column":51}},"10":{"start":{"line":23,"column":6},"end":{"line":23,"column":23}},"11":{"start":{"line":27,"column":2},"end":{"line":27,"column":29}}},"fnMap":{"0":{"name":"(anonymous_0)","decl":{"start":{"line":9,"column":27},"end":{"line":9,"column":28}},"loc":{"start":{"line":9,"column":33},"end":{"line":28,"column":1}},"line":9},"1":{"name":"(anonymous_1)","decl":{"start":{"line":12,"column":12},"end":{"line":12,"column":13}},"loc":{"start":{"line":12,"column":18},"end":{"line":15,"column":3}},"line":12},"2":{"name":"(anonymous_2)","decl":{"start":{"line":17,"column":22},"end":{"line":17,"column":23}},"loc":{"start":{"line":17,"column":28},"end":{"line":25,"column":3}},"line":17}},"branchMap":{"0":{"loc":{"start":{"line":14,"column":4},"end":{"line":14,"column":38}},"type":"binary-expr","locations":[{"start":{"line":14,"column":4},"end":{"line":14,"column":14}},{"start":{"line":14,"column":18},"end":{"line":14,"column":38}}],"line":14},"1":{"loc":{"start":{"line":18,"column":4},"end":{"line":24,"column":5}},"type":"if","locations":[{"start":{"line":18,"column":4},"end":{"line":24,"column":5}},{"start":{"line":18,"column":4},"end":{"line":24,"column":5}}],"line":18}},"s":{"0":2,"1":2,"2":2,"3":0,"4":0,"5":2,"6":0,"7":0,"8":0,"9":0,"10":0,"11":2},"f":{"0":2,"1":0,"2":0},"b":{"0":[0,0],"1":[0,0]},"_coverageSchema":"1a1c01bbd47fc00a2c39e90264f33305004495a9","hash":"85e6c805e92a80e5847c3625f4aee9add689116a"}
,"C:\\Soto\\Soto\\frontTests\\ContainToggleColorMode.tsx": {"path":"C:\\Soto\\Soto\\frontTests\\ContainToggleColorMode.tsx","statementMap":{"0":{"start":{"line":5,"column":31},"end":{"line":9,"column":1}},"1":{"start":{"line":6,"column":28},"end":{"line":6,"column":41}},"2":{"start":{"line":8,"column":4},"end":{"line":8,"column":85}}},"fnMap":{"0":{"name":"(anonymous_0)","decl":{"start":{"line":5,"column":31},"end":{"line":5,"column":32}},"loc":{"start":{"line":5,"column":37},"end":{"line":9,"column":1}},"line":5}},"branchMap":{},"s":{"0":1,"1":1,"2":1},"f":{"0":1},"b":{},"_coverageSchema":"1a1c01bbd47fc00a2c39e90264f33305004495a9","hash":"0fa5b4a33a8e8bdd27eaaf548baf7acf1ca67334"}
,"C:\\Soto\\Soto\\public\\assets\\i18n\\translations.ts": {"path":"C:\\Soto\\Soto\\public\\assets\\i18n\\translations.ts","statementMap":{"0":{"start":{"line":1,"column":18},"end":{"line":28,"column":1}}},"fnMap":{},"branchMap":{},"s":{"0":2},"f":{},"b":{},"_coverageSchema":"1a1c01bbd47fc00a2c39e90264f33305004495a9","hash":"e0db677c16f4e4fe16c59a382efbe65b2b73212e"}
,"C:\\Soto\\Soto\\styles\\globalStyle.tsx": {"path":"C:\\Soto\\Soto\\styles\\globalStyle.tsx","statementMap":{"0":{"start":{"line":3,"column":21},"end":{"line":52,"column":3}},"1":{"start":{"line":17,"column":33},"end":{"line":17,"column":43}},"2":{"start":{"line":18,"column":28},"end":{"line":18,"column":38}},"3":{"start":{"line":37,"column":33},"end":{"line":37,"column":43}},"4":{"start":{"line":38,"column":29},"end":{"line":38,"column":39}}},"fnMap":{"0":{"name":"(anonymous_0)","decl":{"start":{"line":17,"column":18},"end":{"line":17,"column":19}},"loc":{"start":{"line":17,"column":33},"end":{"line":17,"column":43}},"line":17},"1":{"name":"(anonymous_1)","decl":{"start":{"line":18,"column":13},"end":{"line":18,"column":14}},"loc":{"start":{"line":18,"column":28},"end":{"line":18,"column":38}},"line":18},"2":{"name":"(anonymous_2)","decl":{"start":{"line":37,"column":18},"end":{"line":37,"column":19}},"loc":{"start":{"line":37,"column":33},"end":{"line":37,"column":43}},"line":37},"3":{"name":"(anonymous_3)","decl":{"start":{"line":38,"column":14},"end":{"line":38,"column":15}},"loc":{"start":{"line":38,"column":29},"end":{"line":38,"column":39}},"line":38}},"branchMap":{},"s":{"0":1,"1":0,"2":0,"3":0,"4":0},"f":{"0":0,"1":0,"2":0,"3":0},"b":{},"_coverageSchema":"1a1c01bbd47fc00a2c39e90264f33305004495a9","hash":"2699694910be808c7a68c6d5f734ae9f1f84a7c0"}
,"C:\\Soto\\Soto\\testingFront\\ContainProfilePage.tsx": {"path":"C:\\Soto\\Soto\\testingFront\\ContainProfilePage.tsx","statementMap":{"0":{"start":{"line":8,"column":27},"end":{"line":26,"column":1}},"1":{"start":{"line":9,"column":24},"end":{"line":9,"column":40}},"2":{"start":{"line":11,"column":4},"end":{"line":11,"column":9}},"3":{"start":{"line":12,"column":4},"end":{"line":25,"column":11}}},"fnMap":{"0":{"name":"(anonymous_0)","decl":{"start":{"line":8,"column":27},"end":{"line":8,"column":28}},"loc":{"start":{"line":8,"column":33},"end":{"line":26,"column":1}},"line":8}},"branchMap":{},"s":{"0":1,"1":1,"2":1,"3":1},"f":{"0":1},"b":{},"_coverageSchema":"1a1c01bbd47fc00a2c39e90264f33305004495a9","hash":"08c84337a1b20f5d4905e3ef45a57d325a00dce2"}
,"C:\\Soto\\Soto\\testingFront\\ContainToggleLanguage.tsx": {"path":"C:\\Soto\\Soto\\testingFront\\ContainToggleLanguage.tsx","statementMap":{"0":{"start":{"line":5,"column":30},"end":{"line":9,"column":1}},"1":{"start":{"line":6,"column":22},"end":{"line":6,"column":38}},"2":{"start":{"line":7,"column":2},"end":{"line":7,"column":7}},"3":{"start":{"line":8,"column":2},"end":{"line":8,"column":49}}},"fnMap":{"0":{"name":"(anonymous_0)","decl":{"start":{"line":5,"column":30},"end":{"line":5,"column":31}},"loc":{"start":{"line":5,"column":36},"end":{"line":9,"column":1}},"line":5}},"branchMap":{},"s":{"0":1,"1":1,"2":1,"3":1},"f":{"0":1},"b":{},"_coverageSchema":"1a1c01bbd47fc00a2c39e90264f33305004495a9","hash":"8aa38d2248dd1ea1774defcccdad958ec940af2e"}
,"C:\\Soto\\Soto\\themes\\mui\\mainDarkTheme.tsx": {"path":"C:\\Soto\\Soto\\themes\\mui\\mainDarkTheme.tsx","statementMap":{"0":{"start":{"line":4,"column":21},"end":{"line":14,"column":4}}},"fnMap":{},"branchMap":{},"s":{"0":1},"f":{},"b":{},"_coverageSchema":"1a1c01bbd47fc00a2c39e90264f33305004495a9","hash":"2e04ed5c056e0dea6e66ff31483a5f81230d35db"}
,"C:\\Soto\\Soto\\themes\\mui\\mainLightTheme.tsx": {"path":"C:\\Soto\\Soto\\themes\\mui\\mainLightTheme.tsx","statementMap":{"0":{"start":{"line":4,"column":22},"end":{"line":11,"column":4}}},"fnMap":{},"branchMap":{},"s":{"0":1},"f":{},"b":{},"_coverageSchema":"1a1c01bbd47fc00a2c39e90264f33305004495a9","hash":"781249d26a732012d76baa0271172aefc1fd7d1b"}
,"C:\\Soto\\Soto\\themes\\site\\darkTheme.tsx": {"path":"C:\\Soto\\Soto\\themes\\site\\darkTheme.tsx","statementMap":{"0":{"start":{"line":1,"column":18},"end":{"line":9,"column":1}}},"fnMap":{},"branchMap":{},"s":{"0":1},"f":{},"b":{},"_coverageSchema":"1a1c01bbd47fc00a2c39e90264f33305004495a9","hash":"56fec9d2d20d1fafc7db42576833d7410ea5d91e"}
,"C:\\Soto\\Soto\\themes\\site\\lightTheme.tsx": {"path":"C:\\Soto\\Soto\\themes\\site\\lightTheme.tsx","statementMap":{"0":{"start":{"line":1,"column":19},"end":{"line":9,"column":1}}},"fnMap":{},"branchMap":{},"s":{"0":1},"f":{},"b":{},"_coverageSchema":"1a1c01bbd47fc00a2c39e90264f33305004495a9","hash":"f72d2763c092c6746c3640d54cdc2bab4915b2b6"}
}
