TN:
SF:server/query.ts
FN:17,(anonymous_0)
FN:18,(anonymous_1)
FN:19,(anonymous_2)
FN:27,(anonymous_3)
FN:28,(anonymous_4)
FN:29,(anonymous_5)
FN:39,(anonymous_6)
FN:43,(anonymous_7)
FN:44,(anonymous_8)
FN:49,(anonymous_9)
FNF:10
FNH:7
FNDA:0,(anonymous_0)
FNDA:0,(anonymous_1)
FNDA:0,(anonymous_2)
FNDA:137,(anonymous_3)
FNDA:137,(anonymous_4)
FNDA:137,(anonymous_5)
FNDA:3,(anonymous_6)
FNDA:3,(anonymous_7)
FNDA:3,(anonymous_8)
FNDA:3,(anonymous_9)
DA:3,3
DA:10,3
DA:17,3
DA:18,0
DA:19,0
DA:20,0
DA:21,0
DA:22,0
DA:27,3
DA:28,137
DA:29,137
DA:30,137
DA:31,0
DA:32,137
DA:37,3
DA:39,3
DA:40,3
DA:43,3
DA:44,3
DA:45,3
DA:46,0
DA:47,0
DA:49,3
DA:50,3
DA:51,3
DA:52,3
LF:26
LH:18
BRDA:20,0,0,0
BRDA:20,0,1,0
BRDA:30,1,0,0
BRDA:30,1,1,137
BRDA:45,2,0,0
BRDA:45,2,1,3
BRF:6
BRH:2
end_of_record
TN:
SF:server/resolvers.ts
FNF:0
FNH:0
DA:6,3
LF:1
LH:1
BRF:0
BRH:0
end_of_record
TN:
SF:server/algo/critetions.ts
FNF:0
FNH:0
DA:9,3
LF:1
LH:1
BRF:0
BRH:0
end_of_record
TN:
SF:server/algo/obligations.ts
FNF:0
FNH:0
DA:9,3
LF:1
LH:1
BRF:0
BRH:0
end_of_record
TN:
SF:server/constData/shopList.ts
FNF:0
FNH:0
DA:3,3
LF:1
LH:1
BRF:0
BRH:0
end_of_record
TN:
SF:server/resolvers/accountResolver.ts
FN:11,(anonymous_0)
FN:24,(anonymous_1)
FN:25,(anonymous_2)
FN:27,(anonymous_3)
FN:36,(anonymous_4)
FN:38,(anonymous_5)
FN:50,(anonymous_6)
FN:58,(anonymous_7)
FN:67,(anonymous_8)
FN:76,(anonymous_9)
FN:84,(anonymous_10)
FN:87,(anonymous_11)
FN:87,(anonymous_12)
FN:95,(anonymous_13)
FN:104,(anonymous_14)
FN:107,(anonymous_15)
FN:107,(anonymous_16)
FN:111,(anonymous_17)
FN:114,(anonymous_18)
FN:115,(anonymous_19)
FN:125,(anonymous_20)
FN:134,(anonymous_21)
FN:144,(anonymous_22)
FN:153,(anonymous_23)
FN:161,(anonymous_24)
FNF:25
FNH:25
FNDA:10,(anonymous_0)
FNDA:33,(anonymous_1)
FNDA:18,(anonymous_2)
FNDA:9,(anonymous_3)
FNDA:18,(anonymous_4)
FNDA:10,(anonymous_5)
FNDA:5,(anonymous_6)
FNDA:256,(anonymous_7)
FNDA:6,(anonymous_8)
FNDA:320,(anonymous_9)
FNDA:3,(anonymous_10)
FNDA:2,(anonymous_11)
FNDA:3,(anonymous_12)
FNDA:1,(anonymous_13)
FNDA:5,(anonymous_14)
FNDA:6,(anonymous_15)
FNDA:9,(anonymous_16)
FNDA:5,(anonymous_17)
FNDA:4,(anonymous_18)
FNDA:6,(anonymous_19)
FNDA:2,(anonymous_20)
FNDA:5,(anonymous_21)
FNDA:2,(anonymous_22)
FNDA:2,(anonymous_23)
FNDA:2,(anonymous_24)
DA:9,3
DA:12,10
DA:13,9
DA:22,9
DA:24,33
DA:26,18
DA:27,9
DA:29,18
DA:37,18
DA:38,10
DA:40,18
DA:51,5
DA:55,5
DA:56,1
DA:57,4
DA:58,256
DA:61,4
DA:65,4
DA:68,6
DA:72,6
DA:73,1
DA:75,5
DA:76,320
DA:78,5
DA:82,5
DA:85,3
DA:86,2
DA:87,3
DA:89,1
DA:91,1
DA:94,1
DA:96,1
DA:102,1
DA:105,5
DA:106,4
DA:107,9
DA:109,1
DA:111,5
DA:112,1
DA:114,2
DA:115,6
DA:116,1
DA:121,1
DA:124,1
DA:126,2
DA:132,1
DA:135,5
DA:136,3
DA:140,3
DA:141,2
DA:142,2
DA:145,2
DA:147,1
DA:151,1
DA:154,2
DA:155,1
DA:159,1
DA:162,2
DA:163,1
DA:167,1
LF:60
LH:60
BRDA:12,0,0,1
BRDA:12,0,1,9
BRDA:55,1,0,1
BRDA:55,1,1,4
BRDA:72,2,0,1
BRDA:72,2,1,5
BRDA:85,3,0,1
BRDA:85,3,1,2
BRDA:86,4,0,1
BRDA:86,4,1,1
BRDA:105,5,0,1
BRDA:105,5,1,4
BRDA:106,6,0,1
BRDA:106,6,1,3
BRDA:111,7,0,1
BRDA:111,7,1,2
BRDA:115,8,0,1
BRDA:115,8,1,3
BRDA:135,9,0,2
BRDA:135,9,1,3
BRDA:140,10,0,1
BRDA:140,10,1,2
BRDA:145,11,0,1
BRDA:145,11,1,1
BRDA:154,12,0,1
BRDA:154,12,1,1
BRDA:162,13,0,1
BRDA:162,13,1,1
BRF:28
BRH:28
end_of_record
TN:
SF:server/resolvers/cartResolver.ts
FN:6,(anonymous_0)
FN:10,(anonymous_1)
FN:20,(anonymous_2)
FN:24,(anonymous_3)
FN:29,(anonymous_4)
FN:46,(anonymous_5)
FN:62,(anonymous_6)
FN:66,(anonymous_7)
FN:71,(anonymous_8)
FN:74,(anonymous_9)
FN:75,(anonymous_10)
FN:79,(anonymous_11)
FN:83,(anonymous_12)
FN:97,(anonymous_13)
FN:109,(anonymous_14)
FN:121,(anonymous_15)
FN:125,(anonymous_16)
FNF:17
FNH:17
FNDA:9,(anonymous_0)
FNDA:10,(anonymous_1)
FNDA:10,(anonymous_2)
FNDA:10,(anonymous_3)
FNDA:10,(anonymous_4)
FNDA:10,(anonymous_5)
FNDA:1,(anonymous_6)
FNDA:3,(anonymous_7)
FNDA:1,(anonymous_8)
FNDA:1,(anonymous_9)
FNDA:3,(anonymous_10)
FNDA:1,(anonymous_11)
FNDA:7,(anonymous_12)
FNDA:1,(anonymous_13)
FNDA:1,(anonymous_14)
FNDA:1,(anonymous_15)
FNDA:39,(anonymous_16)
DA:6,3
DA:7,9
DA:9,9
DA:11,10
DA:15,10
DA:19,9
DA:21,10
DA:22,10
DA:25,10
DA:26,10
DA:29,10
DA:41,9
DA:44,3
DA:47,10
DA:48,1
DA:50,9
DA:51,1
DA:53,8
DA:58,8
DA:60,8
DA:63,1
DA:65,1
DA:66,1
DA:67,3
DA:68,2
DA:70,1
DA:71,1
DA:74,1
DA:75,3
DA:78,1
DA:79,1
DA:84,7
DA:85,7
DA:86,7
DA:87,7
DA:89,7
DA:95,7
DA:98,1
DA:99,1
DA:100,1
DA:101,1
DA:103,1
DA:107,1
DA:110,1
DA:111,1
DA:112,1
DA:115,1
DA:119,1
DA:125,1
DA:126,39
DA:127,35
DA:129,4
DA:131,1
DA:135,1
LF:54
LH:54
BRDA:20,0,0,9
BRDA:20,0,1,5
BRDA:21,1,0,4
BRDA:21,1,1,6
BRDA:21,2,0,10
BRDA:21,2,1,6
BRDA:24,3,0,9
BRDA:24,3,1,5
BRDA:25,4,0,4
BRDA:25,4,1,6
BRDA:25,5,0,10
BRDA:25,5,1,6
BRDA:31,6,0,10
BRDA:31,6,1,0
BRDA:32,7,0,10
BRDA:32,7,1,0
BRDA:33,8,0,10
BRDA:33,8,1,0
BRDA:34,9,0,10
BRDA:34,9,1,0
BRDA:47,10,0,1
BRDA:47,10,1,9
BRDA:50,11,0,1
BRDA:50,11,1,8
BRDA:58,12,0,0
BRDA:58,12,1,8
BRDA:63,13,0,0
BRDA:63,13,1,1
BRDA:67,14,0,2
BRDA:67,14,1,1
BRDA:84,15,0,0
BRDA:84,15,1,7
BRDA:86,16,0,0
BRDA:86,16,1,7
BRDA:86,17,0,7
BRDA:86,17,1,7
BRDA:86,17,2,7
BRDA:87,18,0,0
BRDA:87,18,1,7
BRDA:98,19,0,0
BRDA:98,19,1,1
BRDA:100,20,0,0
BRDA:100,20,1,1
BRDA:100,21,0,1
BRDA:100,21,1,1
BRDA:100,21,2,1
BRDA:101,22,0,0
BRDA:101,22,1,1
BRDA:110,23,0,0
BRDA:110,23,1,1
BRDA:112,24,0,0
BRDA:112,24,1,1
BRDA:112,25,0,1
BRDA:112,25,1,1
BRDA:112,25,2,1
BRDA:126,26,0,35
BRDA:126,26,1,4
BRF:57
BRH:43
end_of_record
TN:
SF:server/resolvers/productResolver.ts
FN:8,(anonymous_0)
FN:12,(anonymous_1)
FN:22,(anonymous_2)
FN:27,(anonymous_3)
FN:32,(anonymous_4)
FNF:5
FNH:5
FNDA:1,(anonymous_0)
FNDA:2,(anonymous_1)
FNDA:2,(anonymous_2)
FNDA:8,(anonymous_3)
FNDA:117,(anonymous_4)
DA:6,3
DA:9,1
DA:12,2
DA:23,2
DA:28,8
DA:29,6
DA:30,3
DA:32,3
DA:33,117
DA:34,101
DA:36,16
DA:39,3
DA:44,3
LF:13
LH:13
BRDA:10,0,0,1
BRDA:10,0,1,1
BRDA:13,1,0,2
BRDA:13,1,1,0
BRDA:14,2,0,2
BRDA:14,2,1,0
BRDA:15,3,0,2
BRDA:15,3,1,0
BRDA:16,4,0,2
BRDA:16,4,1,0
BRDA:28,5,0,2
BRDA:28,5,1,6
BRDA:29,6,0,3
BRDA:29,6,1,3
BRDA:29,7,0,6
BRDA:29,7,1,4
BRDA:33,8,0,101
BRDA:33,8,1,16
BRF:18
BRH:14
end_of_record
TN:
SF:server/utils/tests.ts
FN:4,(anonymous_0)
FN:18,(anonymous_1)
FN:19,(anonymous_2)
FNF:3
FNH:3
FNDA:72,(anonymous_0)
FNDA:48,(anonymous_1)
FNDA:24,(anonymous_2)
DA:4,3
DA:6,72
DA:7,49
DA:8,49
DA:9,49
DA:12,72
DA:13,72
DA:14,0
DA:15,72
DA:18,48
DA:19,24
LF:11
LH:10
BRDA:6,0,0,49
BRDA:6,0,1,23
BRDA:8,1,0,49
BRDA:8,1,1,0
BRDA:13,2,0,0
BRDA:13,2,1,72
BRF:6
BRH:4
end_of_record
